2015-01-09 00:36:12 WebDriverFactory (postProcessConfigManager) [INFO] WebDriverLocalTestPackage: /Users/ss7/webdriver-local-test-package/versions.properties
2015-01-09 00:36:12 WebDriverFactory (postProcessConfigManager) [INFO] Valid WebDriverLocalTestPackage installed: /Users/ss7/webdriver-local-test-package/versions.properties
2015-01-09 00:36:12 WebDriverFactory (<init>) [INFO] -------------------------------------
2015-01-09 00:36:12 WebDriverFactory (<init>) [INFO] testConfigPath               : null
2015-01-09 00:36:12 WebDriverFactory (<init>) [INFO] userDefaultConfigPath        : /config/test_config.properties

2015-01-09 00:36:12 WebDriverFactory (<init>) [INFO] GridLevel.Local.ENABLED      : true
2015-01-09 00:36:12 WebDriverFactory (<init>) [INFO] GridLevel.PrivateGrid.ENABLED: false
2015-01-09 00:36:12 WebDriverFactory (<init>) [INFO] GridLevel.CommonGrid.ENABLED : false
2015-01-09 00:36:12 WebDriverFactory (<init>) [INFO] GridLevel.VendorGrid.ENABLED : false
2015-01-09 00:36:12 WebDriverFactory (<init>) [INFO] -------------------------------------
2015-01-09 00:36:12 WebDriverProvider (getTestPlatformsJsonPath) [WARN] [ICT] Test Method context has no TestPlatformsPath annotation. Default to /config/test_platforms.json
2015-01-09 00:36:12 WebDriverProvider (createDriversFromTestPlatformsPathAnnotation) [INFO] Test Platforms JSON Path: /config/test_platforms.json
2015-01-09 00:36:12 WebDriverProvider (createDriversFromJSON) [WARN] Empty platforms.name detected. Assigning 'default'
2015-01-09 00:36:12 TestPlatformsLoader (<init>) [INFO] Loading test platforms from /config/test_platforms.json using the group name, default
2015-01-09 00:36:12 TestPlatformsLoader (validateAndLoadPlatforms) [INFO] [Martini] Number of platforms loaded: 1
2015-01-09 00:36:12 TestPlatformsLoader (expandPlatform) [INFO] Expanding the platform, desktop_default_default
2015-01-09 00:36:12 TestPlatformsLoader (expandPlatform) [INFO] A platform definition for desktop_default_default not found and will try to infer its capabilities from the given platrform name.
2015-01-09 00:36:12 TestPlatformsLoader (platformCapabilitiesByInferring) [INFO] Inferred Platform: 
2015-01-09 00:36:12 TestPlatformsLoader (platformCapabilitiesByInferring) [INFO]  - device: desktop
2015-01-09 00:36:12 TestPlatformsLoader (platformCapabilitiesByInferring) [INFO]  - os name/version: MAC/
2015-01-09 00:36:12 TestPlatformsLoader (platformCapabilitiesByInferring) [INFO]  - browser name/version: safari/null
2015-01-09 00:36:12 TestPlatformsLoader (<init>) [INFO] Loading test platforms - Done
2015-01-09 00:36:12 WebDriverProvider (_createDriversFromJSON) [INFO] Loading test platforms from the JSON file.
2015-01-09 00:36:12 IBrowserTestNGBase (setUpBeforeMethod) [INFO] setUpBeforeMethod started...
2015-01-09 00:36:12 WebDriverBuilder (createWebDriver) [INFO] Attempt to create a webdriver locally...
2015-01-09 00:36:12 LocalDesktopBuilder (isPlatformMatchedForLocal) [INFO] [ICT] Desired platform: MAC
2015-01-09 00:36:12 LocalDesktopBuilder (isPlatformMatchedForLocal) [INFO] [ICT] Normalized name : os x
2015-01-09 00:36:12 LocalDesktopBuilder (isPlatformMatchedForLocal) [INFO] [ICT] Local platform  : mac os x 10.8.4
2015-01-09 00:36:12 LocalDesktopBuilder (isBrowserMatchedForLocal) [INFO] [ICT] Desired browser: safari
2015-01-09 00:36:12 SafariBuilder (createWebDriver) [INFO] [ICT] Creating safari webdriver...
2015-01-09 00:36:15 WebDriverBuilder (maximizeMe) [INFO] [ICT] Maximize the browser window...
2015-01-09 00:36:15 WebDriverBuilder (maximizeMe) [INFO] [ICT] Successfully maximized the browser window...
2015-01-09 00:36:41 IBrowserTestNGListener (onTestFailure) [INFO] [ICT] onTestFailure...
2015-01-09 00:36:41 IBrowserTestNGBase (tearDownAfterMethod) [INFO] tearDownAfterMethod started...
2015-01-09 00:36:41 IBrowserTestNGBase (tearDownAfterClass) [INFO] tearDownAfterClass started...
2015-01-09 00:37:39 WebDriverFactory (postProcessConfigManager) [INFO] WebDriverLocalTestPackage: /Users/ss7/webdriver-local-test-package/versions.properties
2015-01-09 00:37:39 WebDriverFactory (postProcessConfigManager) [INFO] Valid WebDriverLocalTestPackage installed: /Users/ss7/webdriver-local-test-package/versions.properties
2015-01-09 00:37:39 WebDriverFactory (<init>) [INFO] -------------------------------------
2015-01-09 00:37:39 WebDriverFactory (<init>) [INFO] testConfigPath               : null
2015-01-09 00:37:39 WebDriverFactory (<init>) [INFO] userDefaultConfigPath        : /config/test_config.properties

2015-01-09 00:37:39 WebDriverFactory (<init>) [INFO] GridLevel.Local.ENABLED      : true
2015-01-09 00:37:39 WebDriverFactory (<init>) [INFO] GridLevel.PrivateGrid.ENABLED: false
2015-01-09 00:37:39 WebDriverFactory (<init>) [INFO] GridLevel.CommonGrid.ENABLED : false
2015-01-09 00:37:39 WebDriverFactory (<init>) [INFO] GridLevel.VendorGrid.ENABLED : false
2015-01-09 00:37:39 WebDriverFactory (<init>) [INFO] -------------------------------------
2015-01-09 00:37:39 WebDriverProvider (getTestPlatformsJsonPath) [WARN] [ICT] Test Method context has no TestPlatformsPath annotation. Default to /config/test_platforms.json
2015-01-09 00:37:39 WebDriverProvider (createDriversFromTestPlatformsPathAnnotation) [INFO] Test Platforms JSON Path: /config/test_platforms.json
2015-01-09 00:37:39 WebDriverProvider (createDriversFromJSON) [WARN] Empty platforms.name detected. Assigning 'default'
2015-01-09 00:37:39 TestPlatformsLoader (<init>) [INFO] Loading test platforms from /config/test_platforms.json using the group name, default
2015-01-09 00:37:39 TestPlatformsLoader (validateAndLoadPlatforms) [INFO] [Martini] Number of platforms loaded: 1
2015-01-09 00:37:39 TestPlatformsLoader (expandPlatform) [INFO] Expanding the platform, desktop_default_default
2015-01-09 00:37:39 TestPlatformsLoader (expandPlatform) [INFO] A platform definition for desktop_default_default not found and will try to infer its capabilities from the given platrform name.
2015-01-09 00:37:39 TestPlatformsLoader (platformCapabilitiesByInferring) [INFO] Inferred Platform: 
2015-01-09 00:37:39 TestPlatformsLoader (platformCapabilitiesByInferring) [INFO]  - device: desktop
2015-01-09 00:37:39 TestPlatformsLoader (platformCapabilitiesByInferring) [INFO]  - os name/version: MAC/
2015-01-09 00:37:39 TestPlatformsLoader (platformCapabilitiesByInferring) [INFO]  - browser name/version: safari/null
2015-01-09 00:37:39 TestPlatformsLoader (<init>) [INFO] Loading test platforms - Done
2015-01-09 00:37:39 WebDriverProvider (_createDriversFromJSON) [INFO] Loading test platforms from the JSON file.
2015-01-09 00:37:39 IBrowserTestNGBase (setUpBeforeMethod) [INFO] setUpBeforeMethod started...
2015-01-09 00:37:39 WebDriverBuilder (createWebDriver) [INFO] Attempt to create a webdriver locally...
2015-01-09 00:37:39 LocalDesktopBuilder (isPlatformMatchedForLocal) [INFO] [ICT] Desired platform: MAC
2015-01-09 00:37:39 LocalDesktopBuilder (isPlatformMatchedForLocal) [INFO] [ICT] Normalized name : os x
2015-01-09 00:37:39 LocalDesktopBuilder (isPlatformMatchedForLocal) [INFO] [ICT] Local platform  : mac os x 10.8.4
2015-01-09 00:37:39 LocalDesktopBuilder (isBrowserMatchedForLocal) [INFO] [ICT] Desired browser: safari
2015-01-09 00:37:39 SafariBuilder (createWebDriver) [INFO] [ICT] Creating safari webdriver...
2015-01-09 00:37:40 WebDriverBuilder (maximizeMe) [INFO] [ICT] Maximize the browser window...
2015-01-09 00:37:40 WebDriverBuilder (maximizeMe) [INFO] [ICT] Successfully maximized the browser window...
2015-01-09 00:38:11 IBrowserTestNGListener (onTestFailure) [INFO] [ICT] onTestFailure...
2015-01-09 00:38:11 IBrowserTestNGBase (tearDownAfterMethod) [INFO] tearDownAfterMethod started...
2015-01-09 00:38:11 IBrowserTestNGBase (tearDownAfterClass) [INFO] tearDownAfterClass started...
2015-01-09 00:41:21 WebDriverFactory (postProcessConfigManager) [INFO] WebDriverLocalTestPackage: /Users/ss7/webdriver-local-test-package/versions.properties
2015-01-09 00:41:21 WebDriverFactory (postProcessConfigManager) [INFO] Valid WebDriverLocalTestPackage installed: /Users/ss7/webdriver-local-test-package/versions.properties
2015-01-09 00:41:21 WebDriverFactory (<init>) [INFO] -------------------------------------
2015-01-09 00:41:21 WebDriverFactory (<init>) [INFO] testConfigPath               : null
2015-01-09 00:41:21 WebDriverFactory (<init>) [INFO] userDefaultConfigPath        : /config/test_config.properties

2015-01-09 00:41:21 WebDriverFactory (<init>) [INFO] GridLevel.Local.ENABLED      : true
2015-01-09 00:41:21 WebDriverFactory (<init>) [INFO] GridLevel.PrivateGrid.ENABLED: false
2015-01-09 00:41:21 WebDriverFactory (<init>) [INFO] GridLevel.CommonGrid.ENABLED : false
2015-01-09 00:41:21 WebDriverFactory (<init>) [INFO] GridLevel.VendorGrid.ENABLED : false
2015-01-09 00:41:21 WebDriverFactory (<init>) [INFO] -------------------------------------
2015-01-09 00:41:21 WebDriverProvider (getTestPlatformsJsonPath) [WARN] [ICT] Test Method context has no TestPlatformsPath annotation. Default to /config/test_platforms.json
2015-01-09 00:41:21 WebDriverProvider (createDriversFromTestPlatformsPathAnnotation) [INFO] Test Platforms JSON Path: /config/test_platforms.json
2015-01-09 00:41:21 WebDriverProvider (createDriversFromJSON) [WARN] Empty platforms.name detected. Assigning 'default'
2015-01-09 00:41:21 TestPlatformsLoader (<init>) [INFO] Loading test platforms from /config/test_platforms.json using the group name, default
2015-01-09 00:41:21 TestPlatformsLoader (validateAndLoadPlatforms) [INFO] [Martini] Number of platforms loaded: 1
2015-01-09 00:41:21 TestPlatformsLoader (expandPlatform) [INFO] Expanding the platform, desktop_default_default
2015-01-09 00:41:21 TestPlatformsLoader (expandPlatform) [INFO] A platform definition for desktop_default_default not found and will try to infer its capabilities from the given platrform name.
2015-01-09 00:41:21 TestPlatformsLoader (platformCapabilitiesByInferring) [INFO] Inferred Platform: 
2015-01-09 00:41:21 TestPlatformsLoader (platformCapabilitiesByInferring) [INFO]  - device: desktop
2015-01-09 00:41:21 TestPlatformsLoader (platformCapabilitiesByInferring) [INFO]  - os name/version: MAC/
2015-01-09 00:41:21 TestPlatformsLoader (platformCapabilitiesByInferring) [INFO]  - browser name/version: safari/null
2015-01-09 00:41:21 TestPlatformsLoader (<init>) [INFO] Loading test platforms - Done
2015-01-09 00:41:21 WebDriverProvider (_createDriversFromJSON) [INFO] Loading test platforms from the JSON file.
2015-01-09 00:41:21 IBrowserTestNGBase (setUpBeforeMethod) [INFO] setUpBeforeMethod started...
2015-01-09 00:41:21 WebDriverBuilder (createWebDriver) [INFO] Attempt to create a webdriver locally...
2015-01-09 00:41:21 LocalDesktopBuilder (isPlatformMatchedForLocal) [INFO] [ICT] Desired platform: MAC
2015-01-09 00:41:21 LocalDesktopBuilder (isPlatformMatchedForLocal) [INFO] [ICT] Normalized name : os x
2015-01-09 00:41:21 LocalDesktopBuilder (isPlatformMatchedForLocal) [INFO] [ICT] Local platform  : mac os x 10.8.4
2015-01-09 00:41:21 LocalDesktopBuilder (isBrowserMatchedForLocal) [INFO] [ICT] Desired browser: safari
2015-01-09 00:41:21 SafariBuilder (createWebDriver) [INFO] [ICT] Creating safari webdriver...
2015-01-09 00:41:22 WebDriverBuilder (maximizeMe) [INFO] [ICT] Maximize the browser window...
2015-01-09 00:41:22 WebDriverBuilder (maximizeMe) [INFO] [ICT] Successfully maximized the browser window...
2015-01-09 00:41:54 IBrowserTestNGListener (onTestFailure) [INFO] [ICT] onTestFailure...
2015-01-09 00:41:54 IBrowserTestNGBase (tearDownAfterMethod) [INFO] tearDownAfterMethod started...
2015-01-09 00:41:54 IBrowserTestNGBase (tearDownAfterClass) [INFO] tearDownAfterClass started...
2015-01-09 00:43:25 WebDriverFactory (postProcessConfigManager) [INFO] WebDriverLocalTestPackage: /Users/ss7/webdriver-local-test-package/versions.properties
2015-01-09 00:43:25 WebDriverFactory (postProcessConfigManager) [INFO] Valid WebDriverLocalTestPackage installed: /Users/ss7/webdriver-local-test-package/versions.properties
2015-01-09 00:43:25 WebDriverFactory (<init>) [INFO] -------------------------------------
2015-01-09 00:43:25 WebDriverFactory (<init>) [INFO] testConfigPath               : null
2015-01-09 00:43:25 WebDriverFactory (<init>) [INFO] userDefaultConfigPath        : /config/test_config.properties

2015-01-09 00:43:25 WebDriverFactory (<init>) [INFO] GridLevel.Local.ENABLED      : true
2015-01-09 00:43:25 WebDriverFactory (<init>) [INFO] GridLevel.PrivateGrid.ENABLED: false
2015-01-09 00:43:25 WebDriverFactory (<init>) [INFO] GridLevel.CommonGrid.ENABLED : false
2015-01-09 00:43:25 WebDriverFactory (<init>) [INFO] GridLevel.VendorGrid.ENABLED : false
2015-01-09 00:43:25 WebDriverFactory (<init>) [INFO] -------------------------------------
2015-01-09 00:43:25 WebDriverProvider (getTestPlatformsJsonPath) [WARN] [ICT] Test Method context has no TestPlatformsPath annotation. Default to /config/test_platforms.json
2015-01-09 00:43:25 WebDriverProvider (createDriversFromTestPlatformsPathAnnotation) [INFO] Test Platforms JSON Path: /config/test_platforms.json
2015-01-09 00:43:25 WebDriverProvider (createDriversFromJSON) [WARN] Empty platforms.name detected. Assigning 'default'
2015-01-09 00:43:25 TestPlatformsLoader (<init>) [INFO] Loading test platforms from /config/test_platforms.json using the group name, default
2015-01-09 00:43:25 TestPlatformsLoader (validateAndLoadPlatforms) [INFO] [Martini] Number of platforms loaded: 1
2015-01-09 00:43:25 TestPlatformsLoader (expandPlatform) [INFO] Expanding the platform, desktop_default_default
2015-01-09 00:43:25 TestPlatformsLoader (expandPlatform) [INFO] A platform definition for desktop_default_default not found and will try to infer its capabilities from the given platrform name.
2015-01-09 00:43:25 TestPlatformsLoader (platformCapabilitiesByInferring) [INFO] Inferred Platform: 
2015-01-09 00:43:25 TestPlatformsLoader (platformCapabilitiesByInferring) [INFO]  - device: desktop
2015-01-09 00:43:25 TestPlatformsLoader (platformCapabilitiesByInferring) [INFO]  - os name/version: MAC/
2015-01-09 00:43:25 TestPlatformsLoader (platformCapabilitiesByInferring) [INFO]  - browser name/version: safari/null
2015-01-09 00:43:25 TestPlatformsLoader (<init>) [INFO] Loading test platforms - Done
2015-01-09 00:43:25 WebDriverProvider (_createDriversFromJSON) [INFO] Loading test platforms from the JSON file.
2015-01-09 00:43:25 IBrowserTestNGBase (setUpBeforeMethod) [INFO] setUpBeforeMethod started...
2015-01-09 00:43:25 WebDriverBuilder (createWebDriver) [INFO] Attempt to create a webdriver locally...
2015-01-09 00:43:25 LocalDesktopBuilder (isPlatformMatchedForLocal) [INFO] [ICT] Desired platform: MAC
2015-01-09 00:43:25 LocalDesktopBuilder (isPlatformMatchedForLocal) [INFO] [ICT] Normalized name : os x
2015-01-09 00:43:25 LocalDesktopBuilder (isPlatformMatchedForLocal) [INFO] [ICT] Local platform  : mac os x 10.8.4
2015-01-09 00:43:25 LocalDesktopBuilder (isBrowserMatchedForLocal) [INFO] [ICT] Desired browser: safari
2015-01-09 00:43:25 SafariBuilder (createWebDriver) [INFO] [ICT] Creating safari webdriver...
2015-01-09 00:43:26 WebDriverBuilder (maximizeMe) [INFO] [ICT] Maximize the browser window...
2015-01-09 00:43:26 WebDriverBuilder (maximizeMe) [INFO] [ICT] Successfully maximized the browser window...
2015-01-09 00:44:00 IBrowserTestNGListener (onTestFailure) [INFO] [ICT] onTestFailure...
2015-01-09 00:44:00 IBrowserTestNGBase (tearDownAfterMethod) [INFO] tearDownAfterMethod started...
2015-01-09 00:44:00 IBrowserTestNGBase (tearDownAfterClass) [INFO] tearDownAfterClass started...
2015-01-09 00:44:27 WebDriverFactory (postProcessConfigManager) [INFO] WebDriverLocalTestPackage: /Users/ss7/webdriver-local-test-package/versions.properties
2015-01-09 00:44:27 WebDriverFactory (postProcessConfigManager) [INFO] Valid WebDriverLocalTestPackage installed: /Users/ss7/webdriver-local-test-package/versions.properties
2015-01-09 00:44:27 WebDriverFactory (<init>) [INFO] -------------------------------------
2015-01-09 00:44:27 WebDriverFactory (<init>) [INFO] testConfigPath               : null
2015-01-09 00:44:27 WebDriverFactory (<init>) [INFO] userDefaultConfigPath        : /config/test_config.properties

2015-01-09 00:44:27 WebDriverFactory (<init>) [INFO] GridLevel.Local.ENABLED      : true
2015-01-09 00:44:27 WebDriverFactory (<init>) [INFO] GridLevel.PrivateGrid.ENABLED: false
2015-01-09 00:44:27 WebDriverFactory (<init>) [INFO] GridLevel.CommonGrid.ENABLED : false
2015-01-09 00:44:27 WebDriverFactory (<init>) [INFO] GridLevel.VendorGrid.ENABLED : false
2015-01-09 00:44:27 WebDriverFactory (<init>) [INFO] -------------------------------------
2015-01-09 00:44:27 WebDriverProvider (getTestPlatformsJsonPath) [WARN] [ICT] Test Method context has no TestPlatformsPath annotation. Default to /config/test_platforms.json
2015-01-09 00:44:27 WebDriverProvider (createDriversFromTestPlatformsPathAnnotation) [INFO] Test Platforms JSON Path: /config/test_platforms.json
2015-01-09 00:44:27 WebDriverProvider (createDriversFromJSON) [WARN] Empty platforms.name detected. Assigning 'default'
2015-01-09 00:44:27 TestPlatformsLoader (<init>) [INFO] Loading test platforms from /config/test_platforms.json using the group name, default
2015-01-09 00:44:27 TestPlatformsLoader (validateAndLoadPlatforms) [INFO] [Martini] Number of platforms loaded: 1
2015-01-09 00:44:27 TestPlatformsLoader (expandPlatform) [INFO] Expanding the platform, desktop_default_default
2015-01-09 00:44:27 TestPlatformsLoader (expandPlatform) [INFO] A platform definition for desktop_default_default not found and will try to infer its capabilities from the given platrform name.
2015-01-09 00:44:27 TestPlatformsLoader (platformCapabilitiesByInferring) [INFO] Inferred Platform: 
2015-01-09 00:44:27 TestPlatformsLoader (platformCapabilitiesByInferring) [INFO]  - device: desktop
2015-01-09 00:44:27 TestPlatformsLoader (platformCapabilitiesByInferring) [INFO]  - os name/version: MAC/
2015-01-09 00:44:27 TestPlatformsLoader (platformCapabilitiesByInferring) [INFO]  - browser name/version: safari/null
2015-01-09 00:44:27 TestPlatformsLoader (<init>) [INFO] Loading test platforms - Done
2015-01-09 00:44:27 WebDriverProvider (_createDriversFromJSON) [INFO] Loading test platforms from the JSON file.
2015-01-09 00:44:27 IBrowserTestNGBase (setUpBeforeMethod) [INFO] setUpBeforeMethod started...
2015-01-09 00:44:27 WebDriverBuilder (createWebDriver) [INFO] Attempt to create a webdriver locally...
2015-01-09 00:44:27 LocalDesktopBuilder (isPlatformMatchedForLocal) [INFO] [ICT] Desired platform: MAC
2015-01-09 00:44:27 LocalDesktopBuilder (isPlatformMatchedForLocal) [INFO] [ICT] Normalized name : os x
2015-01-09 00:44:27 LocalDesktopBuilder (isPlatformMatchedForLocal) [INFO] [ICT] Local platform  : mac os x 10.8.4
2015-01-09 00:44:27 LocalDesktopBuilder (isBrowserMatchedForLocal) [INFO] [ICT] Desired browser: safari
2015-01-09 00:44:27 SafariBuilder (createWebDriver) [INFO] [ICT] Creating safari webdriver...
2015-01-09 00:44:28 WebDriverBuilder (maximizeMe) [INFO] [ICT] Maximize the browser window...
2015-01-09 00:44:28 WebDriverBuilder (maximizeMe) [INFO] [ICT] Successfully maximized the browser window...
2015-01-09 00:44:58 IBrowserTestNGListener (onTestFailure) [INFO] [ICT] onTestFailure...
2015-01-09 00:44:58 IBrowserTestNGBase (tearDownAfterMethod) [INFO] tearDownAfterMethod started...
2015-01-09 00:44:58 IBrowserTestNGBase (tearDownAfterClass) [INFO] tearDownAfterClass started...
2015-01-09 00:46:50 WebDriverFactory (postProcessConfigManager) [INFO] WebDriverLocalTestPackage: /Users/ss7/webdriver-local-test-package/versions.properties
2015-01-09 00:46:50 WebDriverFactory (postProcessConfigManager) [INFO] Valid WebDriverLocalTestPackage installed: /Users/ss7/webdriver-local-test-package/versions.properties
2015-01-09 00:46:50 WebDriverFactory (<init>) [INFO] -------------------------------------
2015-01-09 00:46:50 WebDriverFactory (<init>) [INFO] testConfigPath               : null
2015-01-09 00:46:50 WebDriverFactory (<init>) [INFO] userDefaultConfigPath        : /config/test_config.properties

2015-01-09 00:46:50 WebDriverFactory (<init>) [INFO] GridLevel.Local.ENABLED      : true
2015-01-09 00:46:50 WebDriverFactory (<init>) [INFO] GridLevel.PrivateGrid.ENABLED: false
2015-01-09 00:46:50 WebDriverFactory (<init>) [INFO] GridLevel.CommonGrid.ENABLED : false
2015-01-09 00:46:50 WebDriverFactory (<init>) [INFO] GridLevel.VendorGrid.ENABLED : false
2015-01-09 00:46:50 WebDriverFactory (<init>) [INFO] -------------------------------------
2015-01-09 00:46:50 WebDriverProvider (getTestPlatformsJsonPath) [WARN] [ICT] Test Method context has no TestPlatformsPath annotation. Default to /config/test_platforms.json
2015-01-09 00:46:50 WebDriverProvider (createDriversFromTestPlatformsPathAnnotation) [INFO] Test Platforms JSON Path: /config/test_platforms.json
2015-01-09 00:46:50 WebDriverProvider (createDriversFromJSON) [WARN] Empty platforms.name detected. Assigning 'default'
2015-01-09 00:46:50 TestPlatformsLoader (<init>) [INFO] Loading test platforms from /config/test_platforms.json using the group name, default
2015-01-09 00:46:50 TestPlatformsLoader (validateAndLoadPlatforms) [INFO] [Martini] Number of platforms loaded: 1
2015-01-09 00:46:50 TestPlatformsLoader (expandPlatform) [INFO] Expanding the platform, desktop_default_default
2015-01-09 00:46:50 TestPlatformsLoader (expandPlatform) [INFO] A platform definition for desktop_default_default not found and will try to infer its capabilities from the given platrform name.
2015-01-09 00:46:50 TestPlatformsLoader (platformCapabilitiesByInferring) [INFO] Inferred Platform: 
2015-01-09 00:46:50 TestPlatformsLoader (platformCapabilitiesByInferring) [INFO]  - device: desktop
2015-01-09 00:46:50 TestPlatformsLoader (platformCapabilitiesByInferring) [INFO]  - os name/version: MAC/
2015-01-09 00:46:50 TestPlatformsLoader (platformCapabilitiesByInferring) [INFO]  - browser name/version: safari/null
2015-01-09 00:46:50 TestPlatformsLoader (<init>) [INFO] Loading test platforms - Done
2015-01-09 00:46:50 WebDriverProvider (_createDriversFromJSON) [INFO] Loading test platforms from the JSON file.
2015-01-09 00:46:50 IBrowserTestNGBase (setUpBeforeMethod) [INFO] setUpBeforeMethod started...
2015-01-09 00:46:50 WebDriverBuilder (createWebDriver) [INFO] Attempt to create a webdriver locally...
2015-01-09 00:46:50 LocalDesktopBuilder (isPlatformMatchedForLocal) [INFO] [ICT] Desired platform: MAC
2015-01-09 00:46:50 LocalDesktopBuilder (isPlatformMatchedForLocal) [INFO] [ICT] Normalized name : os x
2015-01-09 00:46:50 LocalDesktopBuilder (isPlatformMatchedForLocal) [INFO] [ICT] Local platform  : mac os x 10.8.4
2015-01-09 00:46:50 LocalDesktopBuilder (isBrowserMatchedForLocal) [INFO] [ICT] Desired browser: safari
2015-01-09 00:46:50 SafariBuilder (createWebDriver) [INFO] [ICT] Creating safari webdriver...
2015-01-09 00:46:51 WebDriverBuilder (maximizeMe) [INFO] [ICT] Maximize the browser window...
2015-01-09 00:46:51 WebDriverBuilder (maximizeMe) [INFO] [ICT] Successfully maximized the browser window...
2015-01-09 00:47:19 IBrowserTestNGListener (onTestSuccess) [INFO] [ICT] onTestSuccess...
2015-01-09 00:47:19 IBrowserTestNGBase (tearDownAfterMethod) [INFO] tearDownAfterMethod started...
2015-01-09 00:47:19 IBrowserTestNGBase (tearDownAfterClass) [INFO] tearDownAfterClass started...
2015-01-09 00:47:31 WebDriverFactory (postProcessConfigManager) [INFO] WebDriverLocalTestPackage: /Users/ss7/webdriver-local-test-package/versions.properties
2015-01-09 00:47:31 WebDriverFactory (postProcessConfigManager) [INFO] Valid WebDriverLocalTestPackage installed: /Users/ss7/webdriver-local-test-package/versions.properties
2015-01-09 00:47:31 WebDriverFactory (<init>) [INFO] -------------------------------------
2015-01-09 00:47:31 WebDriverFactory (<init>) [INFO] testConfigPath               : null
2015-01-09 00:47:31 WebDriverFactory (<init>) [INFO] userDefaultConfigPath        : /config/test_config.properties

2015-01-09 00:47:31 WebDriverFactory (<init>) [INFO] GridLevel.Local.ENABLED      : true
2015-01-09 00:47:31 WebDriverFactory (<init>) [INFO] GridLevel.PrivateGrid.ENABLED: false
2015-01-09 00:47:31 WebDriverFactory (<init>) [INFO] GridLevel.CommonGrid.ENABLED : false
2015-01-09 00:47:31 WebDriverFactory (<init>) [INFO] GridLevel.VendorGrid.ENABLED : false
2015-01-09 00:47:31 WebDriverFactory (<init>) [INFO] -------------------------------------
2015-01-09 00:47:31 WebDriverProvider (getTestPlatformsJsonPath) [WARN] [ICT] Test Method context has no TestPlatformsPath annotation. Default to /config/test_platforms.json
2015-01-09 00:47:31 WebDriverProvider (createDriversFromTestPlatformsPathAnnotation) [INFO] Test Platforms JSON Path: /config/test_platforms.json
2015-01-09 00:47:31 WebDriverProvider (createDriversFromJSON) [WARN] Empty platforms.name detected. Assigning 'default'
2015-01-09 00:47:31 TestPlatformsLoader (<init>) [INFO] Loading test platforms from /config/test_platforms.json using the group name, default
2015-01-09 00:47:31 TestPlatformsLoader (validateAndLoadPlatforms) [INFO] [Martini] Number of platforms loaded: 1
2015-01-09 00:47:31 TestPlatformsLoader (expandPlatform) [INFO] Expanding the platform, desktop_default_default
2015-01-09 00:47:31 TestPlatformsLoader (expandPlatform) [INFO] A platform definition for desktop_default_default not found and will try to infer its capabilities from the given platrform name.
2015-01-09 00:47:31 TestPlatformsLoader (platformCapabilitiesByInferring) [INFO] Inferred Platform: 
2015-01-09 00:47:31 TestPlatformsLoader (platformCapabilitiesByInferring) [INFO]  - device: desktop
2015-01-09 00:47:31 TestPlatformsLoader (platformCapabilitiesByInferring) [INFO]  - os name/version: MAC/
2015-01-09 00:47:31 TestPlatformsLoader (platformCapabilitiesByInferring) [INFO]  - browser name/version: safari/null
2015-01-09 00:47:31 TestPlatformsLoader (<init>) [INFO] Loading test platforms - Done
2015-01-09 00:47:31 WebDriverProvider (_createDriversFromJSON) [INFO] Loading test platforms from the JSON file.
2015-01-09 00:47:31 IBrowserTestNGBase (setUpBeforeMethod) [INFO] setUpBeforeMethod started...
2015-01-09 00:47:31 WebDriverBuilder (createWebDriver) [INFO] Attempt to create a webdriver locally...
2015-01-09 00:47:31 LocalDesktopBuilder (isPlatformMatchedForLocal) [INFO] [ICT] Desired platform: MAC
2015-01-09 00:47:31 LocalDesktopBuilder (isPlatformMatchedForLocal) [INFO] [ICT] Normalized name : os x
2015-01-09 00:47:31 LocalDesktopBuilder (isPlatformMatchedForLocal) [INFO] [ICT] Local platform  : mac os x 10.8.4
2015-01-09 00:47:31 LocalDesktopBuilder (isBrowserMatchedForLocal) [INFO] [ICT] Desired browser: safari
2015-01-09 00:47:31 SafariBuilder (createWebDriver) [INFO] [ICT] Creating safari webdriver...
2015-01-09 00:47:32 WebDriverBuilder (maximizeMe) [INFO] [ICT] Maximize the browser window...
2015-01-09 00:47:32 WebDriverBuilder (maximizeMe) [INFO] [ICT] Successfully maximized the browser window...
2015-01-09 00:48:03 IBrowserTestNGListener (onTestFailure) [INFO] [ICT] onTestFailure...
2015-01-09 00:48:03 IBrowserTestNGBase (tearDownAfterMethod) [INFO] tearDownAfterMethod started...
2015-01-09 00:48:03 IBrowserTestNGBase (tearDownAfterClass) [INFO] tearDownAfterClass started...
2015-01-09 00:48:10 WebDriverFactory (postProcessConfigManager) [INFO] WebDriverLocalTestPackage: /Users/ss7/webdriver-local-test-package/versions.properties
2015-01-09 00:48:10 WebDriverFactory (postProcessConfigManager) [INFO] Valid WebDriverLocalTestPackage installed: /Users/ss7/webdriver-local-test-package/versions.properties
2015-01-09 00:48:10 WebDriverFactory (<init>) [INFO] -------------------------------------
2015-01-09 00:48:10 WebDriverFactory (<init>) [INFO] testConfigPath               : null
2015-01-09 00:48:10 WebDriverFactory (<init>) [INFO] userDefaultConfigPath        : /config/test_config.properties

2015-01-09 00:48:10 WebDriverFactory (<init>) [INFO] GridLevel.Local.ENABLED      : true
2015-01-09 00:48:10 WebDriverFactory (<init>) [INFO] GridLevel.PrivateGrid.ENABLED: false
2015-01-09 00:48:10 WebDriverFactory (<init>) [INFO] GridLevel.CommonGrid.ENABLED : false
2015-01-09 00:48:10 WebDriverFactory (<init>) [INFO] GridLevel.VendorGrid.ENABLED : false
2015-01-09 00:48:10 WebDriverFactory (<init>) [INFO] -------------------------------------
2015-01-09 00:48:10 WebDriverProvider (getTestPlatformsJsonPath) [WARN] [ICT] Test Method context has no TestPlatformsPath annotation. Default to /config/test_platforms.json
2015-01-09 00:48:10 WebDriverProvider (createDriversFromTestPlatformsPathAnnotation) [INFO] Test Platforms JSON Path: /config/test_platforms.json
2015-01-09 00:48:10 WebDriverProvider (createDriversFromJSON) [WARN] Empty platforms.name detected. Assigning 'default'
2015-01-09 00:48:10 TestPlatformsLoader (<init>) [INFO] Loading test platforms from /config/test_platforms.json using the group name, default
2015-01-09 00:48:10 TestPlatformsLoader (validateAndLoadPlatforms) [INFO] [Martini] Number of platforms loaded: 1
2015-01-09 00:48:10 TestPlatformsLoader (expandPlatform) [INFO] Expanding the platform, desktop_default_default
2015-01-09 00:48:10 TestPlatformsLoader (expandPlatform) [INFO] A platform definition for desktop_default_default not found and will try to infer its capabilities from the given platrform name.
2015-01-09 00:48:10 TestPlatformsLoader (platformCapabilitiesByInferring) [INFO] Inferred Platform: 
2015-01-09 00:48:10 TestPlatformsLoader (platformCapabilitiesByInferring) [INFO]  - device: desktop
2015-01-09 00:48:10 TestPlatformsLoader (platformCapabilitiesByInferring) [INFO]  - os name/version: MAC/
2015-01-09 00:48:10 TestPlatformsLoader (platformCapabilitiesByInferring) [INFO]  - browser name/version: safari/null
2015-01-09 00:48:10 TestPlatformsLoader (<init>) [INFO] Loading test platforms - Done
2015-01-09 00:48:10 WebDriverProvider (_createDriversFromJSON) [INFO] Loading test platforms from the JSON file.
2015-01-09 00:48:10 IBrowserTestNGBase (setUpBeforeMethod) [INFO] setUpBeforeMethod started...
2015-01-09 00:48:10 WebDriverBuilder (createWebDriver) [INFO] Attempt to create a webdriver locally...
2015-01-09 00:48:10 LocalDesktopBuilder (isPlatformMatchedForLocal) [INFO] [ICT] Desired platform: MAC
2015-01-09 00:48:10 LocalDesktopBuilder (isPlatformMatchedForLocal) [INFO] [ICT] Normalized name : os x
2015-01-09 00:48:10 LocalDesktopBuilder (isPlatformMatchedForLocal) [INFO] [ICT] Local platform  : mac os x 10.8.4
2015-01-09 00:48:10 LocalDesktopBuilder (isBrowserMatchedForLocal) [INFO] [ICT] Desired browser: safari
2015-01-09 00:48:10 SafariBuilder (createWebDriver) [INFO] [ICT] Creating safari webdriver...
2015-01-09 00:48:11 WebDriverBuilder (maximizeMe) [INFO] [ICT] Maximize the browser window...
2015-01-09 00:48:11 WebDriverBuilder (maximizeMe) [INFO] [ICT] Successfully maximized the browser window...
2015-01-09 00:48:35 IBrowserTestNGListener (onTestSuccess) [INFO] [ICT] onTestSuccess...
2015-01-09 00:48:35 IBrowserTestNGBase (tearDownAfterMethod) [INFO] tearDownAfterMethod started...
2015-01-09 00:48:35 IBrowserTestNGBase (tearDownAfterClass) [INFO] tearDownAfterClass started...
2015-01-09 00:48:43 WebDriverFactory (postProcessConfigManager) [INFO] WebDriverLocalTestPackage: /Users/ss7/webdriver-local-test-package/versions.properties
2015-01-09 00:48:43 WebDriverFactory (postProcessConfigManager) [INFO] Valid WebDriverLocalTestPackage installed: /Users/ss7/webdriver-local-test-package/versions.properties
2015-01-09 00:48:43 WebDriverFactory (<init>) [INFO] -------------------------------------
2015-01-09 00:48:43 WebDriverFactory (<init>) [INFO] testConfigPath               : null
2015-01-09 00:48:43 WebDriverFactory (<init>) [INFO] userDefaultConfigPath        : /config/test_config.properties

2015-01-09 00:48:43 WebDriverFactory (<init>) [INFO] GridLevel.Local.ENABLED      : true
2015-01-09 00:48:43 WebDriverFactory (<init>) [INFO] GridLevel.PrivateGrid.ENABLED: false
2015-01-09 00:48:43 WebDriverFactory (<init>) [INFO] GridLevel.CommonGrid.ENABLED : false
2015-01-09 00:48:43 WebDriverFactory (<init>) [INFO] GridLevel.VendorGrid.ENABLED : false
2015-01-09 00:48:43 WebDriverFactory (<init>) [INFO] -------------------------------------
2015-01-09 00:48:43 WebDriverProvider (getTestPlatformsJsonPath) [WARN] [ICT] Test Method context has no TestPlatformsPath annotation. Default to /config/test_platforms.json
2015-01-09 00:48:43 WebDriverProvider (createDriversFromTestPlatformsPathAnnotation) [INFO] Test Platforms JSON Path: /config/test_platforms.json
2015-01-09 00:48:43 WebDriverProvider (createDriversFromJSON) [WARN] Empty platforms.name detected. Assigning 'default'
2015-01-09 00:48:43 TestPlatformsLoader (<init>) [INFO] Loading test platforms from /config/test_platforms.json using the group name, default
2015-01-09 00:48:43 TestPlatformsLoader (validateAndLoadPlatforms) [INFO] [Martini] Number of platforms loaded: 1
2015-01-09 00:48:43 TestPlatformsLoader (expandPlatform) [INFO] Expanding the platform, desktop_default_default
2015-01-09 00:48:43 TestPlatformsLoader (expandPlatform) [INFO] A platform definition for desktop_default_default not found and will try to infer its capabilities from the given platrform name.
2015-01-09 00:48:43 TestPlatformsLoader (platformCapabilitiesByInferring) [INFO] Inferred Platform: 
2015-01-09 00:48:43 TestPlatformsLoader (platformCapabilitiesByInferring) [INFO]  - device: desktop
2015-01-09 00:48:43 TestPlatformsLoader (platformCapabilitiesByInferring) [INFO]  - os name/version: MAC/
2015-01-09 00:48:43 TestPlatformsLoader (platformCapabilitiesByInferring) [INFO]  - browser name/version: safari/null
2015-01-09 00:48:43 TestPlatformsLoader (<init>) [INFO] Loading test platforms - Done
2015-01-09 00:48:43 WebDriverProvider (_createDriversFromJSON) [INFO] Loading test platforms from the JSON file.
2015-01-09 00:48:43 IBrowserTestNGBase (setUpBeforeMethod) [INFO] setUpBeforeMethod started...
2015-01-09 00:48:43 WebDriverBuilder (createWebDriver) [INFO] Attempt to create a webdriver locally...
2015-01-09 00:48:43 LocalDesktopBuilder (isPlatformMatchedForLocal) [INFO] [ICT] Desired platform: MAC
2015-01-09 00:48:43 LocalDesktopBuilder (isPlatformMatchedForLocal) [INFO] [ICT] Normalized name : os x
2015-01-09 00:48:43 LocalDesktopBuilder (isPlatformMatchedForLocal) [INFO] [ICT] Local platform  : mac os x 10.8.4
2015-01-09 00:48:43 LocalDesktopBuilder (isBrowserMatchedForLocal) [INFO] [ICT] Desired browser: safari
2015-01-09 00:48:43 SafariBuilder (createWebDriver) [INFO] [ICT] Creating safari webdriver...
2015-01-09 00:48:44 WebDriverBuilder (maximizeMe) [INFO] [ICT] Maximize the browser window...
2015-01-09 00:48:44 WebDriverBuilder (maximizeMe) [INFO] [ICT] Successfully maximized the browser window...
2015-01-09 00:49:18 IBrowserTestNGListener (onTestFailure) [INFO] [ICT] onTestFailure...
2015-01-09 00:49:18 IBrowserTestNGBase (tearDownAfterMethod) [INFO] tearDownAfterMethod started...
2015-01-09 00:49:18 IBrowserTestNGBase (tearDownAfterClass) [INFO] tearDownAfterClass started...
